<?xml version="1.0" encoding="UTF-8"?>
<testng-results ignored="0" total="1" passed="1" failed="0" skipped="0">
  <reporter-output>
  </reporter-output>
  <suite started-at="2025-03-12T20:17:02 PDT" name="Suite" finished-at="2025-03-12T20:17:02 PDT" duration-ms="193">
    <groups>
    </groups>
    <test started-at="2025-03-12T20:17:02 PDT" name="Test" finished-at="2025-03-12T20:17:02 PDT" duration-ms="193">
      <class name="Test.SampleDemo">
        <test-method signature="test()[pri:0, instance:Test.SampleDemo@39529185]" started-at="2025-03-12T20:17:02 PDT" name="test" finished-at="2025-03-12T20:17:02 PDT" duration-ms="54" status="PASS">
          <reporter-output>
          </reporter-output>
        </test-method> <!-- test -->
      </class> <!-- Test.SampleDemo -->
    </test> <!-- Test -->
  </suite> <!-- Suite -->
</testng-results>
